# JRE version: Java(TM) SE Runtime Environment (8.0_191-b12) (build 1.8.0_191-b12)
# Java VM: Java HotSpot(TM) 64-Bit Server VM (25.191-b12 mixed mode windows-amd64 compressed oops)
Heap:
 PSYoungGen      total 93696K, used 20361K [0x00000000d6100000, 0x00000000def80000, 0x0000000100000000)
  eden space 81408K, 25% used [0x00000000d6100000,0x00000000d74e25e0,0x00000000db080000)
  from space 12288K, 0% used [0x00000000dbc00000,0x00000000dbc00000,0x00000000dc800000)
  to   space 11776K, 0% used [0x00000000db080000,0x00000000db080000,0x00000000dbc00000)
 ParOldGen       total 80896K, used 13442K [0x0000000082200000, 0x0000000087100000, 0x00000000d6100000)
  object space 80896K, 16% used [0x0000000082200000,0x0000000082f20bc0,0x0000000087100000)
 Metaspace       used 37530K, capacity 38494K, committed 38912K, reserved 1085440K
  class space    used 5267K, capacity 5505K, committed 5632K, reserved 1048576K
GC Heap History (10 events):
Event: 1.944 GC heap before
{Heap before GC invocations=4 (full 1):
 PSYoungGen      total 37888K, used 5109K [0x00000000d6100000, 0x00000000dab00000, 0x0000000100000000)
  eden space 32768K, 0% used [0x00000000d6100000,0x00000000d6100000,0x00000000d8100000)
  from space 5120K, 99% used [0x00000000d8100000,0x00000000d85fd478,0x00000000d8600000)
  to   space 5120K, 0% used [0x00000000da600000,0x00000000da600000,0x00000000dab00000)
 ParOldGen       total 86016K, used 7519K [0x0000000082200000, 0x0000000087600000, 0x00000000d6100000)
  object space 86016K, 8% used [0x0000000082200000,0x0000000082957f30,0x0000000087600000)
 Metaspace       used 20313K, capacity 21114K, committed 21248K, reserved 1067008K
  class space    used 2987K, capacity 3211K, committed 3328K, reserved 1048576K
Event: 1.963 GC heap after
Heap after GC invocations=4 (full 1):
 PSYoungGen      total 37888K, used 0K [0x00000000d6100000, 0x00000000dab00000, 0x0000000100000000)
  eden space 32768K, 0% used [0x00000000d6100000,0x00000000d6100000,0x00000000d8100000)
  from space 5120K, 0% used [0x00000000d8100000,0x00000000d8100000,0x00000000d8600000)
  to   space 5120K, 0% used [0x00000000da600000,0x00000000da600000,0x00000000dab00000)
 ParOldGen       total 62976K, used 10127K [0x0000000082200000, 0x0000000085f80000, 0x00000000d6100000)
  object space 62976K, 16% used [0x0000000082200000,0x0000000082be3e28,0x0000000085f80000)
 Metaspace       used 20313K, capacity 21114K, committed 21248K, reserved 1067008K
  class space    used 2987K, capacity 3211K, committed 3328K, reserved 1048576K
}
Event: 2.428 GC heap before
{Heap before GC invocations=5 (full 1):
 PSYoungGen      total 37888K, used 32768K [0x00000000d6100000, 0x00000000dab00000, 0x0000000100000000)
  eden space 32768K, 100% used [0x00000000d6100000,0x00000000d8100000,0x00000000d8100000)
  from space 5120K, 0% used [0x00000000d8100000,0x00000000d8100000,0x00000000d8600000)
  to   space 5120K, 0% used [0x00000000da600000,0x00000000da600000,0x00000000dab00000)
 ParOldGen       total 62976K, used 10127K [0x0000000082200000, 0x0000000085f80000, 0x00000000d6100000)
  object space 62976K, 16% used [0x0000000082200000,0x0000000082be3e28,0x0000000085f80000)
 Metaspace       used 27189K, capacity 27984K, committed 28032K, reserved 1073152K
  class space    used 4014K, capacity 4212K, committed 4224K, reserved 1048576K
Event: 2.433 GC heap after
Heap after GC invocations=5 (full 1):
 PSYoungGen      total 56320K, used 5116K [0x00000000d6100000, 0x00000000dab00000, 0x0000000100000000)
  eden space 51200K, 0% used [0x00000000d6100000,0x00000000d6100000,0x00000000d9300000)
  from space 5120K, 99% used [0x00000000da600000,0x00000000daaff318,0x00000000dab00000)
  to   space 5120K, 0% used [0x00000000da100000,0x00000000da100000,0x00000000da600000)
 ParOldGen       total 62976K, used 10143K [0x0000000082200000, 0x0000000085f80000, 0x00000000d6100000)
  object space 62976K, 16% used [0x0000000082200000,0x0000000082be7e28,0x0000000085f80000)
 Metaspace       used 27189K, capacity 27984K, committed 28032K, reserved 1073152K
  class space    used 4014K, capacity 4212K, committed 4224K, reserved 1048576K
}
Event: 3.049 GC heap before
{Heap before GC invocations=6 (full 1):
 PSYoungGen      total 56320K, used 56316K [0x00000000d6100000, 0x00000000dab00000, 0x0000000100000000)
  eden space 51200K, 100% used [0x00000000d6100000,0x00000000d9300000,0x00000000d9300000)
  from space 5120K, 99% used [0x00000000da600000,0x00000000daaff318,0x00000000dab00000)
  to   space 5120K, 0% used [0x00000000da100000,0x00000000da100000,0x00000000da600000)
 ParOldGen       total 62976K, used 10143K [0x0000000082200000, 0x0000000085f80000, 0x00000000d6100000)
  object space 62976K, 16% used [0x0000000082200000,0x0000000082be7e28,0x0000000085f80000)
 Metaspace       used 34220K, capacity 35114K, committed 35328K, reserved 1079296K
  class space    used 4813K, capacity 5059K, committed 5120K, reserved 1048576K
Event: 3.059 GC heap after
Heap after GC invocations=6 (full 1):
 PSYoungGen      total 70656K, used 5088K [0x00000000d6100000, 0x00000000dc800000, 0x0000000100000000)
  eden space 65536K, 0% used [0x00000000d6100000,0x00000000d6100000,0x00000000da100000)
  from space 5120K, 99% used [0x00000000da100000,0x00000000da5f8010,0x00000000da600000)
  to   space 12288K, 0% used [0x00000000dbc00000,0x00000000dbc00000,0x00000000dc800000)
 ParOldGen       total 62976K, used 15145K [0x0000000082200000, 0x0000000085f80000, 0x00000000d6100000)
  object space 62976K, 24% used [0x0000000082200000,0x00000000830ca7a8,0x0000000085f80000)
 Metaspace       used 34220K, capacity 35114K, committed 35328K, reserved 1079296K
  class space    used 4813K, capacity 5059K, committed 5120K, reserved 1048576K
}
Event: 3.075 GC heap before
{Heap before GC invocations=7 (full 1):
 PSYoungGen      total 70656K, used 8405K [0x00000000d6100000, 0x00000000dc800000, 0x0000000100000000)
  eden space 65536K, 5% used [0x00000000d6100000,0x00000000d643d5f0,0x00000000da100000)
  from space 5120K, 99% used [0x00000000da100000,0x00000000da5f8010,0x00000000da600000)
  to   space 12288K, 0% used [0x00000000dbc00000,0x00000000dbc00000,0x00000000dc800000)
 ParOldGen       total 62976K, used 15145K [0x0000000082200000, 0x0000000085f80000, 0x00000000d6100000)
  object space 62976K, 24% used [0x0000000082200000,0x00000000830ca7a8,0x0000000085f80000)
 Metaspace       used 34392K, capacity 35242K, committed 35416K, reserved 1079296K
  class space    used 4845K, capacity 5059K, committed 5120K, reserved 1048576K
Event: 3.079 GC heap after
Heap after GC invocations=7 (full 1):
 PSYoungGen      total 93696K, used 5184K [0x00000000d6100000, 0x00000000def80000, 0x0000000100000000)
  eden space 81408K, 0% used [0x00000000d6100000,0x00000000d6100000,0x00000000db080000)
  from space 12288K, 42% used [0x00000000dbc00000,0x00000000dc110010,0x00000000dc800000)
  to   space 11776K, 0% used [0x00000000db080000,0x00000000db080000,0x00000000dbc00000)
 ParOldGen       total 62976K, used 15153K [0x0000000082200000, 0x0000000085f80000, 0x00000000d6100000)
  object space 62976K, 24% used [0x0000000082200000,0x00000000830cc7a8,0x0000000085f80000)
 Metaspace       used 34392K, capacity 35242K, committed 35416K, reserved 1079296K
  class space    used 4845K, capacity 5059K, committed 5120K, reserved 1048576K
}
Event: 3.079 GC heap before
{Heap before GC invocations=8 (full 2):
 PSYoungGen      total 93696K, used 5184K [0x00000000d6100000, 0x00000000def80000, 0x0000000100000000)
  eden space 81408K, 0% used [0x00000000d6100000,0x00000000d6100000,0x00000000db080000)
  from space 12288K, 42% used [0x00000000dbc00000,0x00000000dc110010,0x00000000dc800000)
  to   space 11776K, 0% used [0x00000000db080000,0x00000000db080000,0x00000000dbc00000)
 ParOldGen       total 62976K, used 15153K [0x0000000082200000, 0x0000000085f80000, 0x00000000d6100000)
  object space 62976K, 24% used [0x0000000082200000,0x00000000830cc7a8,0x0000000085f80000)
 Metaspace       used 34392K, capacity 35242K, committed 35416K, reserved 1079296K
  class space    used 4845K, capacity 5059K, committed 5120K, reserved 1048576K
Event: 3.120 GC heap after
Heap after GC invocations=8 (full 2):
 PSYoungGen      total 93696K, used 0K [0x00000000d6100000, 0x00000000def80000, 0x0000000100000000)
  eden space 81408K, 0% used [0x00000000d6100000,0x00000000d6100000,0x00000000db080000)
  from space 12288K, 0% used [0x00000000dbc00000,0x00000000dbc00000,0x00000000dc800000)
  to   space 11776K, 0% used [0x00000000db080000,0x00000000db080000,0x00000000dbc00000)
 ParOldGen       total 80896K, used 13442K [0x0000000082200000, 0x0000000087100000, 0x00000000d6100000)
  object space 80896K, 16% used [0x0000000082200000,0x0000000082f20bc0,0x0000000087100000)
 Metaspace       used 34384K, capacity 35230K, committed 35416K, reserved 1079296K
  class space    used 4844K, capacity 5057K, committed 5120K, reserved 1048576K
}

